PS C:\Ecosystem_logistics\logi> gradle wrapper --gradle-version 8.5
Configuration on demand is an incubating feature.

> Configure project :
e: file:///C:/Ecosystem_logistics/Logi/build.gradle.kts:12:54: Unresolved reference: KotlinCompile
e: file:///C:/Ecosystem_logistics/Logi/build.gradle.kts:13:9: Unresolved reference: kotlinOptions
e: file:///C:/Ecosystem_logistics/Logi/build.gradle.kts:14:13: Unresolved reference: jvmTarget
e: file:///C:/Ecosystem_logistics/Logi/build.gradle.kts:15:13: Unresolved reference: freeCompilerArgs
e: file:///C:/Ecosystem_logistics/Logi/build.gradle.kts:41:5: Unresolved reference: dependencyManagement
e: file:///C:/Ecosystem_logistics/Logi/build.gradle.kts:42:9: Unresolved reference: imports
e: file:///C:/Ecosystem_logistics/Logi/build.gradle.kts:43:13: Unresolved reference: mavenBom
e: file:///C:/Ecosystem_logistics/Logi/build.gradle.kts:44:13: Unresolved reference: mavenBom
e: file:///C:/Ecosystem_logistics/Logi/build.gradle.kts:45:13: Unresolved reference: mavenBom
e: file:///C:/Ecosystem_logistics/Logi/build.gradle.kts:58:9: Unresolved reference: implementation
e: file:///C:/Ecosystem_logistics/Logi/build.gradle.kts:59:9: Unresolved reference: implementation
e: file:///C:/Ecosystem_logistics/Logi/build.gradle.kts:60:9: Unresolved reference: implementation
e: file:///C:/Ecosystem_logistics/Logi/build.gradle.kts:61:9: Unresolved reference: implementation
e: file:///C:/Ecosystem_logistics/Logi/build.gradle.kts:64:9: Unresolved reference: implementation
e: file:///C:/Ecosystem_logistics/Logi/build.gradle.kts:65:9: Unresolved reference: implementation
e: file:///C:/Ecosystem_logistics/Logi/build.gradle.kts:66:9: Unresolved reference: implementation
e: file:///C:/Ecosystem_logistics/Logi/build.gradle.kts:67:9: Unresolved reference: implementation
e: file:///C:/Ecosystem_logistics/Logi/build.gradle.kts:68:9: Unresolved reference: implementation
e: file:///C:/Ecosystem_logistics/Logi/build.gradle.kts:69:9: Unresolved reference: implementation
e: file:///C:/Ecosystem_logistics/Logi/build.gradle.kts:70:9: Unresolved reference: implementation
e: file:///C:/Ecosystem_logistics/Logi/build.gradle.kts:71:9: Unresolved reference: implementation
e: file:///C:/Ecosystem_logistics/Logi/build.gradle.kts:74:9: Unresolved reference: implementation
e: file:///C:/Ecosystem_logistics/Logi/build.gradle.kts:75:9: Unresolved reference: implementation
e: file:///C:/Ecosystem_logistics/Logi/build.gradle.kts:76:9: Unresolved reference: implementation
e: file:///C:/Ecosystem_logistics/Logi/build.gradle.kts:79:9: Unresolved reference: implementation
e: file:///C:/Ecosystem_logistics/Logi/build.gradle.kts:80:9: Unresolved reference: implementation
e: file:///C:/Ecosystem_logistics/Logi/build.gradle.kts:81:9: Unresolved reference: implementation
e: file:///C:/Ecosystem_logistics/Logi/build.gradle.kts:82:9: Unresolved reference: implementation
e: file:///C:/Ecosystem_logistics/Logi/build.gradle.kts:83:9: Unresolved reference: runtimeOnly
e: file:///C:/Ecosystem_logistics/Logi/build.gradle.kts:84:9: Unresolved reference: runtimeOnly
e: file:///C:/Ecosystem_logistics/Logi/build.gradle.kts:87:9: Unresolved reference: implementation
e: file:///C:/Ecosystem_logistics/Logi/build.gradle.kts:90:9: Unresolved reference: testImplementation
e: file:///C:/Ecosystem_logistics/Logi/build.gradle.kts:91:9: Unresolved reference: testImplementation
e: file:///C:/Ecosystem_logistics/Logi/build.gradle.kts:92:9: Unresolved reference: testImplementation
e: file:///C:/Ecosystem_logistics/Logi/build.gradle.kts:93:9: Unresolved reference: testImplementation
e: file:///C:/Ecosystem_logistics/Logi/build.gradle.kts:94:9: Unresolved reference: testImplementation
e: file:///C:/Ecosystem_logistics/Logi/build.gradle.kts:95:9: Unresolved reference: testImplementation
e: file:///C:/Ecosystem_logistics/Logi/build.gradle.kts:96:9: Unresolved reference: testImplementation
e: file:///C:/Ecosystem_logistics/Logi/build.gradle.kts:97:9: Unresolved reference: testImplementation
e: file:///C:/Ecosystem_logistics/Logi/build.gradle.kts:98:9: Unresolved reference: testImplementation
e: file:///C:/Ecosystem_logistics/Logi/build.gradle.kts:99:9: Unresolved reference: testImplementation
e: file:///C:/Ecosystem_logistics/Logi/build.gradle.kts:102:5: Unresolved reference: springBoot
e: file:///C:/Ecosystem_logistics/Logi/build.gradle.kts:103:9: Unresolved reference: buildInfo
e: file:///C:/Ecosystem_logistics/Logi/build.gradle.kts:107:9: Unresolved reference: archiveFileName
e: file:///C:/Ecosystem_logistics/Logi/build.gradle.kts:111:9: Unresolved reference: archiveFileName

FAILURE: Build failed with an exception.

* Where:
Build file 'C:\Ecosystem_logistics\Logi\build.gradle.kts' line: 12

* What went wrong:
Script compilation errors:

  Line 012:     tasks.withType<org.jetbrains.kotlin.gradle.tasks.KotlinCompile>().configureEach {
                                                                 ^ Unresolved reference: KotlinCompile

  Line 013:         kotlinOptions {
                    ^ Unresolved reference: kotlinOptions

  Line 014:             jvmTarget = "25"
                        ^ Unresolved reference: jvmTarget

  Line 015:             freeCompilerArgs = listOf(
                        ^ Unresolved reference: freeCompilerArgs

  Line 041:     dependencyManagement {
                ^ Unresolved reference: dependencyManagement

  Line 042:         imports {
                    ^ Unresolved reference: imports

  Line 043:             mavenBom("org.springframework.boot:spring-boot-dependencies:3.2.0")
                        ^ Unresolved reference: mavenBom

  Line 044:             mavenBom("org.jetbrains.kotlin:kotlin-bom:2.0.0")
                        ^ Unresolved reference: mavenBom

  Line 045:             mavenBom("org.springframework.cloud:spring-cloud-dependencies:2023.0.0")
                        ^ Unresolved reference: mavenBom

  Line 058:         implementation("org.jetbrains.kotlin:kotlin-reflect")
                    ^ Unresolved reference: implementation

  Line 059:         implementation("org.jetbrains.kotlin:kotlin-stdlib")
                    ^ Unresolved reference: implementation

  Line 060:         implementation("org.jetbrains.kotlinx:kotlinx-coroutines-core")
                    ^ Unresolved reference: implementation

  Line 061:         implementation("org.jetbrains.kotlinx:kotlinx-coroutines-reactor")
                    ^ Unresolved reference: implementation

  Line 064:         implementation("org.springframework.boot:spring-boot-starter-web")
                    ^ Unresolved reference: implementation

  Line 065:         implementation("org.springframework.boot:spring-boot-starter-actuator")
                    ^ Unresolved reference: implementation

  Line 066:         implementation("org.springframework.boot:spring-boot-starter-validation")
                    ^ Unresolved reference: implementation

  Line 067:         implementation("org.springframework.boot:spring-boot-starter-data-jpa")
                    ^ Unresolved reference: implementation

  Line 068:         implementation("org.springframework.boot:spring-boot-starter-data-redis")
                    ^ Unresolved reference: implementation

  Line 069:         implementation("org.springframework.boot:spring-boot-starter-security")
                    ^ Unresolved reference: implementation

  Line 070:         implementation("org.springframework.boot:spring-boot-starter-oauth2-resource-server")
                    ^ Unresolved reference: implementation

  Line 071:         implementation("org.springframework.boot:spring-boot-starter-webflux")
                    ^ Unresolved reference: implementation

  Line 074:         implementation("org.postgresql:postgresql")
                    ^ Unresolved reference: implementation

  Line 075:         implementation("org.flywaydb:flyway-core")
                    ^ Unresolved reference: implementation

  Line 076:         implementation("org.flywaydb:flyway-database-postgresql")
                    ^ Unresolved reference: implementation

  Line 079:         implementation("ch.qos.logback:logback-core")
                    ^ Unresolved reference: implementation

  Line 080:         implementation("org.apache.logging.log4j:log4j-api")
                    ^ Unresolved reference: implementation

  Line 081:         implementation("org.apache.logging.log4j:log4j-core")
                    ^ Unresolved reference: implementation

  Line 082:         implementation("org.slf4j:slf4j-api")
                    ^ Unresolved reference: implementation

  Line 083:         runtimeOnly("org.slf4j:log4j-over-slf4j")
                    ^ Unresolved reference: runtimeOnly

  Line 084:         runtimeOnly("org.slf4j:jcl-over-slf4j")
                    ^ Unresolved reference: runtimeOnly

  Line 087:         implementation("org.yaml:snakeyaml:2.2")
                    ^ Unresolved reference: implementation

  Line 090:         testImplementation("org.springframework.boot:spring-boot-starter-test")
                    ^ Unresolved reference: testImplementation

  Line 091:         testImplementation("org.springframework.security:spring-security-test")
                    ^ Unresolved reference: testImplementation

  Line 092:         testImplementation("org.jetbrains.kotlin:kotlin-test")
                    ^ Unresolved reference: testImplementation

  Line 093:         testImplementation("org.jetbrains.kotlinx:kotlinx-coroutines-test")
                    ^ Unresolved reference: testImplementation

  Line 094:         testImplementation("com.h2database:h2")
                    ^ Unresolved reference: testImplementation

  Line 095:         testImplementation("org.testcontainers:testcontainers")
                    ^ Unresolved reference: testImplementation

  Line 096:         testImplementation("org.testcontainers:junit-jupiter")
                    ^ Unresolved reference: testImplementation

  Line 097:         testImplementation("org.testcontainers:postgresql")
                    ^ Unresolved reference: testImplementation

  Line 098:         testImplementation("org.mockito:mockito-core")
                    ^ Unresolved reference: testImplementation

  Line 099:         testImplementation("org.mockito:mockito-junit-jupiter")
                    ^ Unresolved reference: testImplementation

  Line 102:     springBoot {
                ^ Unresolved reference: springBoot

  Line 103:         buildInfo()
                    ^ Unresolved reference: buildInfo

  Line 107:         archiveFileName.set("${rootProject.name}-${project.name}.jar")
                    ^ Unresolved reference: archiveFileName

  Line 111:         archiveFileName.set("${rootProject.name}-${project.name}.jar")
                    ^ Unresolved reference: archiveFileName

45 errors

* Try:
> Run with --stacktrace option to get the stack trace.
> Run with --info or --debug option to get more log output.
> Run with --scan to get full insights.
> Get more help at https://help.gradle.org.

BUILD FAILED in 3s
1 actionable task: 1 up-to-date
PS C:\Ecosystem_logistics\logi>