PS C:\Ecosystem_logistics\logi> ./gradlew clean build -x test
Configuration on demand is an incubating feature.

> Configure project :
e: file:///C:/Ecosystem_logistics/Logi/build.gradle.kts:13:53: Unresolved reference: options
e: file:///C:/Ecosystem_logistics/Logi/build.gradle.kts:25:9: Unresolved reference: implementation
e: file:///C:/Ecosystem_logistics/Logi/build.gradle.kts:26:9: Unresolved reference: implementation
e: file:///C:/Ecosystem_logistics/Logi/build.gradle.kts:27:9: Unresolved reference: implementation
e: file:///C:/Ecosystem_logistics/Logi/build.gradle.kts:28:9: Unresolved reference: implementation
e: file:///C:/Ecosystem_logistics/Logi/build.gradle.kts:30:9: Unresolved reference: implementation
e: file:///C:/Ecosystem_logistics/Logi/build.gradle.kts:31:9: Unresolved reference: implementation
e: file:///C:/Ecosystem_logistics/Logi/build.gradle.kts:32:9: Unresolved reference: implementation
e: file:///C:/Ecosystem_logistics/Logi/build.gradle.kts:33:9: Unresolved reference: implementation
e: file:///C:/Ecosystem_logistics/Logi/build.gradle.kts:34:9: Unresolved reference: implementation
e: file:///C:/Ecosystem_logistics/Logi/build.gradle.kts:35:9: Unresolved reference: implementation
e: file:///C:/Ecosystem_logistics/Logi/build.gradle.kts:36:9: Unresolved reference: implementation
e: file:///C:/Ecosystem_logistics/Logi/build.gradle.kts:38:9: Unresolved reference: implementation
e: file:///C:/Ecosystem_logistics/Logi/build.gradle.kts:39:9: Unresolved reference: implementation
e: file:///C:/Ecosystem_logistics/Logi/build.gradle.kts:40:9: Unresolved reference: implementation
e: file:///C:/Ecosystem_logistics/Logi/build.gradle.kts:42:9: Unresolved reference: implementation
e: file:///C:/Ecosystem_logistics/Logi/build.gradle.kts:43:9: Unresolved reference: implementation
e: file:///C:/Ecosystem_logistics/Logi/build.gradle.kts:44:9: Unresolved reference: implementation
e: file:///C:/Ecosystem_logistics/Logi/build.gradle.kts:46:9: Unresolved reference: testImplementation
e: file:///C:/Ecosystem_logistics/Logi/build.gradle.kts:47:9: Unresolved reference: testImplementation
e: file:///C:/Ecosystem_logistics/Logi/build.gradle.kts:48:9: Unresolved reference: testImplementation

FAILURE: Build failed with an exception.

* Where:
Build file 'C:\Ecosystem_logistics\Logi\build.gradle.kts' line: 13

* What went wrong:
Script compilation errors:

  Line 13:             jvmTarget = org.jetbrains.kotlin.gradle.options.JvmTarget.JVM_21
                                                               ^ Unresolved reference: options

  Line 25:         implementation("org.jetbrains.kotlin:kotlin-reflect")
                   ^ Unresolved reference: implementation

  Line 26:         implementation("org.jetbrains.kotlin:kotlin-stdlib")
                   ^ Unresolved reference: implementation

  Line 27:         implementation("org.jetbrains.kotlinx:kotlinx-coroutines-core")
                   ^ Unresolved reference: implementation

  Line 28:         implementation("org.jetbrains.kotlinx:kotlinx-coroutines-reactor")
                   ^ Unresolved reference: implementation

  Line 30:         implementation("org.springframework.boot:spring-boot-starter-web")
                   ^ Unresolved reference: implementation

  Line 31:         implementation("org.springframework.boot:spring-boot-starter-actuator")
                   ^ Unresolved reference: implementation

  Line 32:         implementation("org.springframework.boot:spring-boot-starter-validation")
                   ^ Unresolved reference: implementation

  Line 33:         implementation("org.springframework.boot:spring-boot-starter-data-jpa")
                   ^ Unresolved reference: implementation

  Line 34:         implementation("org.springframework.boot:spring-boot-starter-data-redis")
                   ^ Unresolved reference: implementation

  Line 35:         implementation("org.springframework.boot:spring-boot-starter-security")
                   ^ Unresolved reference: implementation

  Line 36:         implementation("org.springframework.boot:spring-boot-starter-webflux")
                   ^ Unresolved reference: implementation

  Line 38:         implementation("org.postgresql:postgresql")
                   ^ Unresolved reference: implementation

  Line 39:         implementation("org.flywaydb:flyway-core")
                   ^ Unresolved reference: implementation

  Line 40:         implementation("org.flywaydb:flyway-database-postgresql")
                   ^ Unresolved reference: implementation

  Line 42:         implementation("ch.qos.logback:logback-classic")
                   ^ Unresolved reference: implementation

  Line 43:         implementation("org.apache.logging.log4j:log4j-to-slf4j")
                   ^ Unresolved reference: implementation

  Line 44:         implementation("org.slf4j:slf4j-api")
                   ^ Unresolved reference: implementation

  Line 46:         testImplementation("org.springframework.boot:spring-boot-starter-test")
                   ^ Unresolved reference: testImplementation

  Line 47:         testImplementation("org.jetbrains.kotlin:kotlin-test")
                   ^ Unresolved reference: testImplementation

  Line 48:         testImplementation("com.h2database:h2")
                   ^ Unresolved reference: testImplementation

21 errors

* Try:
> Run with --stacktrace option to get the stack trace.
> Run with --info or --debug option to get more log output.
> Run with --scan to get full insights.
> Get more help at https://help.gradle.org.

BUILD FAILED in 2s
1 actionable task: 1 up-to-date
PS C:\Ecosystem_logistics\logi>